<?xml version="1.0" encoding="UTF-8"?>
<!-- Generated by org.testng.reporters.JUnitReportReporter -->
<testsuite hostname="WENDELLROBLES-HP-EB-840-G3" failures="0" tests="1" name="test.com.SearchStoreByCityStateDirectionsTest" time="39.843" errors="0" timestamp="2024-09-23T10:55:47 CDT" skipped="0">
  <testcase classname="test.com.SearchStoreByCityStateDirectionsTest" name="testSearchStoreByCityStateDirections" time="39.843"/>
</testsuite> <!-- test.com.SearchStoreByCityStateDirectionsTest -->
