<?xml version="1.0" encoding="UTF-8"?>
<!-- Generated by org.testng.reporters.JUnitReportReporter -->
<testsuite hostname="WENDELLROBLES-HP-EB-840-G3" failures="0" tests="1" name="test.com.FAQReturnsTest" time="35.765" errors="0" timestamp="2024-09-23T10:55:47 CDT" skipped="0">
  <testcase classname="test.com.FAQReturnsTest" name="testFAQReturns" time="35.765"/>
</testsuite> <!-- test.com.FAQReturnsTest -->
