<?xml version="1.0" encoding="UTF-8"?>
<!-- Generated by org.testng.reporters.JUnitReportReporter -->
<testsuite hostname="WENDELLROBLES-HP-EB-840-G3" failures="0" tests="1" name="test.com.SearchStoreByZipCodeTest" time="23.653" errors="0" timestamp="2024-09-23T23:40:09 CDT" skipped="0">
  <testcase classname="test.com.SearchStoreByZipCodeTest" name="testSearchStoreByZipCode" time="23.653"/>
</testsuite> <!-- test.com.SearchStoreByZipCodeTest -->
