<?xml version="1.0" encoding="UTF-8"?>
<!-- Generated by org.testng.reporters.JUnitReportReporter -->
<testsuite hostname="WENDELLROBLES-HP-EB-840-G3" failures="0" tests="1" name="test.com.SearchStoreByCityStateDirectionsTest" time="28.459" errors="0" timestamp="2024-09-23T11:07:14 CDT" skipped="0">
  <testcase classname="test.com.SearchStoreByCityStateDirectionsTest" name="testSearchStoreByCityStateDirections" time="28.459"/>
</testsuite> <!-- test.com.SearchStoreByCityStateDirectionsTest -->
