<?xml version="1.0" encoding="UTF-8"?>
<!-- Generated by org.testng.reporters.JUnitReportReporter -->
<testsuite hostname="WENDELLROBLES-HP-EB-840-G3" failures="0" tests="1" name="test.com.FAQReturnsTest" time="26.110" errors="0" timestamp="2024-09-23T11:07:14 CDT" skipped="0">
  <testcase classname="test.com.FAQReturnsTest" name="testFAQReturns" time="26.110"/>
</testsuite> <!-- test.com.FAQReturnsTest -->
