<?xml version="1.0" encoding="UTF-8"?>
<!-- Generated by org.testng.reporters.JUnitReportReporter -->
<testsuite hostname="WENDELLROBLES-HP-EB-840-G3" failures="0" tests="1" name="test.com.SearchStoreByZipCodeTest" time="31.226" errors="0" timestamp="2024-09-23T10:14:55 CDT" skipped="0">
  <testcase classname="test.com.SearchStoreByZipCodeTest" name="testSearchStoreByZipCode" time="31.226"/>
</testsuite> <!-- test.com.SearchStoreByZipCodeTest -->
